Build started 2013-08-30 16:30:28.
Project "Z:\p023-standalone\p023-standalone\p023-standalone\p023-standalone.vcxproj" on node 2 (build target(s)).
PrepareForBuild:
  Creating directory "Z:\p023-standalone\p023-standalone\Release\".
InitializeBuildStatus:
  Creating "Release\p023-standalone.unsuccessfulbuild" because "AlwaysCreate" was specified.
ClCompile:
  E:\Program Files\Microsoft Visual Studio 10.0\VC\bin\CL.exe /c /Zi /nologo /W3 /WX- /O2 /Oi /Oy- /GL /D WIN32 /D NDEBUG /D _CONSOLE /D _UNICODE /D UNICODE /Gm- /EHsc /MD /GS /Gy /fp:precise /Zc:wchar_t /Zc:forScope /Fo"Release\\" /Fd"Release\vc100.pdb" /Gd /TP /analyze- /errorReport:prompt "p023-standalone.cpp" stdafx.cpp
  p023-standalone.cpp
p023-standalone.cpp(201): warning C4101: 'bytesWrote' : unreferenced local variable
p023-standalone.cpp(231): warning C4101: 'h' : unreferenced local variable
p023-standalone.cpp(230): warning C4101: 'bytesWrote' : unreferenced local variable
p023-standalone.cpp(467): warning C4101: 'buf' : unreferenced local variable
p023-standalone.cpp(551): warning C4101: 'myObj' : unreferenced local variable
p023-standalone.cpp(546): warning C4101: 'ret' : unreferenced local variable
p023-standalone.cpp(557): warning C4101: 'bytesWrote' : unreferenced local variable
p023-standalone.cpp(553): warning C4101: 'any' : unreferenced local variable
p023-standalone.cpp(547): warning C4101: 'buffer' : unreferenced local variable
p023-standalone.cpp(556): warning C4101: 'bytesRead' : unreferenced local variable
p023-standalone.cpp(722): warning C4996: 'freopen': This function or variable may be unsafe. Consider using freopen_s instead. To disable deprecation, use _CRT_SECURE_NO_WARNINGS. See online help for details.
          E:\Program Files\Microsoft Visual Studio 10.0\VC\include\stdio.h(249) : see declaration of 'freopen'
p023-standalone.cpp(746): warning C4101: 'i' : unreferenced local variable
p023-standalone.cpp(751): warning C4101: 'pi' : unreferenced local variable
p023-standalone.cpp(743): warning C4101: 'cmdline' : unreferenced local variable
  stdafx.cpp
Link:
  E:\Program Files\Microsoft Visual Studio 10.0\VC\bin\link.exe /ERRORREPORT:PROMPT /OUT:"Z:\p023-standalone\p023-standalone\Release\p023-standalone.exe" /INCREMENTAL:NO /NOLOGO kernel32.lib user32.lib gdi32.lib winspool.lib comdlg32.lib advapi32.lib shell32.lib ole32.lib oleaut32.lib uuid.lib odbc32.lib odbccp32.lib /MANIFEST /ManifestFile:"Release\p023-standalone.exe.intermediate.manifest" /MANIFESTUAC:"level='asInvoker' uiAccess='false'" /DEBUG /PDB:"Z:\p023-standalone\p023-standalone\Release\p023-standalone.pdb" /SUBSYSTEM:CONSOLE /OPT:REF /OPT:ICF /LTCG /TLBID:1 /ENTRY:"start" /DYNAMICBASE /NXCOMPAT /IMPLIB:"Z:\p023-standalone\p023-standalone\Release\p023-standalone.lib" /MACHINE:X86 "Release\p023-standalone.obj"
  Release\stdafx.obj
  Generating code
  Finished generating code
  p023-standalone.vcxproj -> Z:\p023-standalone\p023-standalone\Release\p023-standalone.exe
Manifest:
  C:\Program Files\Microsoft SDKs\Windows\v7.0A\bin\mt.exe /nologo /verbose /outputresource:"Z:\p023-standalone\p023-standalone\Release\p023-standalone.exe;#1" /manifest "Release\p023-standalone.exe.intermediate.manifest"
FinalizeBuildStatus:
  Deleting file "Release\p023-standalone.unsuccessfulbuild".
  Touching "Release\p023-standalone.lastbuildstate".
Done Building Project "Z:\p023-standalone\p023-standalone\p023-standalone\p023-standalone.vcxproj" (build target(s)).

Build succeeded.

Time Elapsed 00:00:01.99
