Build started 2013-07-19 00:10:15.
Project "C:\Documents and Settings\john\Moje dokumenty\Visual Studio 2010\Projects\p021-instrumentation-server\p021-instrumentation-server\p021-instrumentation-server.vcxproj" on node 2 (build target(s)).
InitializeBuildStatus:
  Creating "Debug\p021-instrumentation-server.unsuccessfulbuild" because "AlwaysCreate" was specified.
ClCompile:
  E:\Program Files\Microsoft Visual Studio 10.0\VC\bin\CL.exe /c /ZI /nologo /W3 /WX- /Od /Oy- /D WIN32 /D _DEBUG /D _CONSOLE /D _UNICODE /D UNICODE /Gm /EHsc /RTC1 /MDd /GS /fp:precise /Zc:wchar_t /Zc:forScope /Fo"Debug\\" /Fd"Debug\vc100.pdb" /Gd /TP /analyze- /errorReport:prompt "p021-instrumentation-server.cpp"
  p021-instrumentation-server.cpp
c:\documents and settings\john\moje dokumenty\visual studio 2010\projects\p021-instrumentation-server\p021-instrumentation-server\p021-instrumentation-server.cpp(159): warning C4101: 'written' : unreferenced local variable
c:\documents and settings\john\moje dokumenty\visual studio 2010\projects\p021-instrumentation-server\p021-instrumentation-server\p021-instrumentation-server.cpp(300): warning C4101: 'myObj' : unreferenced local variable
c:\documents and settings\john\moje dokumenty\visual studio 2010\projects\p021-instrumentation-server\p021-instrumentation-server\p021-instrumentation-server.cpp(302): warning C4101: 'any' : unreferenced local variable
c:\documents and settings\john\moje dokumenty\visual studio 2010\projects\p021-instrumentation-server\p021-instrumentation-server\p021-instrumentation-server.cpp(459): warning C4996: 'freopen': This function or variable may be unsafe. Consider using freopen_s instead. To disable deprecation, use _CRT_SECURE_NO_WARNINGS. See online help for details.
          e:\program files\microsoft visual studio 10.0\vc\include\stdio.h(249) : see declaration of 'freopen'
c:\documents and settings\john\moje dokumenty\visual studio 2010\projects\p021-instrumentation-server\p021-instrumentation-server\p021-instrumentation-server.cpp(483): warning C4101: 'i' : unreferenced local variable
c:\documents and settings\john\moje dokumenty\visual studio 2010\projects\p021-instrumentation-server\p021-instrumentation-server\p021-instrumentation-server.cpp(488): warning C4101: 'pi' : unreferenced local variable
c:\documents and settings\john\moje dokumenty\visual studio 2010\projects\p021-instrumentation-server\p021-instrumentation-server\p021-instrumentation-server.cpp(480): warning C4101: 'cmdline' : unreferenced local variable
ManifestResourceCompile:
  All outputs are up-to-date.
Link:
  E:\Program Files\Microsoft Visual Studio 10.0\VC\bin\link.exe /ERRORREPORT:PROMPT /OUT:"C:\Documents and Settings\john\Moje dokumenty\Visual Studio 2010\Projects\p021-instrumentation-server\Debug\p021-instrumentation-server.exe" /INCREMENTAL /NOLOGO kernel32.lib user32.lib gdi32.lib winspool.lib comdlg32.lib advapi32.lib shell32.lib ole32.lib oleaut32.lib uuid.lib odbc32.lib odbccp32.lib /MANIFEST /ManifestFile:"Debug\p021-instrumentation-server.exe.intermediate.manifest" /MANIFESTUAC:"level='asInvoker' uiAccess='false'" /DEBUG /PDB:"C:\Documents and Settings\john\Moje dokumenty\Visual Studio 2010\Projects\p021-instrumentation-server\Debug\p021-instrumentation-server.pdb" /SUBSYSTEM:CONSOLE /TLBID:1 /ENTRY:"start" /DYNAMICBASE /NXCOMPAT /IMPLIB:"C:\Documents and Settings\john\Moje dokumenty\Visual Studio 2010\Projects\p021-instrumentation-server\Debug\p021-instrumentation-server.lib" /MACHINE:X86 "Debug\p021-instrumentation-server.exe.embed.manifest.res"
  "Debug\p021-instrumentation-server.obj"
Manifest:
  C:\Program Files\Microsoft SDKs\Windows\v7.0A\bin\mt.exe /nologo /verbose /out:"Debug\p021-instrumentation-server.exe.embed.manifest" /manifest "Debug\p021-instrumentation-server.exe.intermediate.manifest"
  All outputs are up-to-date.
LinkEmbedManifest:
  All outputs are up-to-date.
  p021-instrumentation-server.vcxproj -> C:\Documents and Settings\john\Moje dokumenty\Visual Studio 2010\Projects\p021-instrumentation-server\Debug\p021-instrumentation-server.exe
FinalizeBuildStatus:
  Deleting file "Debug\p021-instrumentation-server.unsuccessfulbuild".
  Touching "Debug\p021-instrumentation-server.lastbuildstate".
Done Building Project "C:\Documents and Settings\john\Moje dokumenty\Visual Studio 2010\Projects\p021-instrumentation-server\p021-instrumentation-server\p021-instrumentation-server.vcxproj" (build target(s)).

Build succeeded.

Time Elapsed 00:00:01.77
