C:\DOCUMENTS AND SETTINGS\JOHN\MOJE DOKUMENTY\VISUAL STUDIO 2010\PROJECTS\P021-INSTRUMENTATION-SERVER\DEBUG\P021-INSTRUMENTATION-SERVER.EXE
C:\DOCUMENTS AND SETTINGS\JOHN\MOJE DOKUMENTY\VISUAL STUDIO 2010\PROJECTS\P021-INSTRUMENTATION-SERVER\DEBUG\P021-INSTRUMENTATION-SERVER.ILK
C:\DOCUMENTS AND SETTINGS\JOHN\MOJE DOKUMENTY\VISUAL STUDIO 2010\PROJECTS\P021-INSTRUMENTATION-SERVER\DEBUG\P021-INSTRUMENTATION-SERVER.PDB
c:\documents and settings\john\moje dokumenty\visual studio 2010\Projects\p021-instrumentation-server\p021-instrumentation-server\Debug\cl.command.1.tlog
c:\documents and settings\john\moje dokumenty\visual studio 2010\Projects\p021-instrumentation-server\p021-instrumentation-server\Debug\CL.read.1.tlog
c:\documents and settings\john\moje dokumenty\visual studio 2010\Projects\p021-instrumentation-server\p021-instrumentation-server\Debug\CL.write.1.tlog
c:\documents and settings\john\moje dokumenty\visual studio 2010\Projects\p021-instrumentation-server\p021-instrumentation-server\Debug\link.3620.read.1.tlog
c:\documents and settings\john\moje dokumenty\visual studio 2010\Projects\p021-instrumentation-server\p021-instrumentation-server\Debug\link.3620.write.1.tlog
c:\documents and settings\john\moje dokumenty\visual studio 2010\Projects\p021-instrumentation-server\p021-instrumentation-server\Debug\link.3620-cvtres.read.1.tlog
c:\documents and settings\john\moje dokumenty\visual studio 2010\Projects\p021-instrumentation-server\p021-instrumentation-server\Debug\link.3620-cvtres.write.1.tlog
c:\documents and settings\john\moje dokumenty\visual studio 2010\Projects\p021-instrumentation-server\p021-instrumentation-server\Debug\link.command.1.tlog
c:\documents and settings\john\moje dokumenty\visual studio 2010\Projects\p021-instrumentation-server\p021-instrumentation-server\Debug\link.read.1.tlog
c:\documents and settings\john\moje dokumenty\visual studio 2010\Projects\p021-instrumentation-server\p021-instrumentation-server\Debug\link.write.1.tlog
c:\documents and settings\john\moje dokumenty\visual studio 2010\Projects\p021-instrumentation-server\p021-instrumentation-server\Debug\link-cvtres.read.1.tlog
c:\documents and settings\john\moje dokumenty\visual studio 2010\Projects\p021-instrumentation-server\p021-instrumentation-server\Debug\link-cvtres.write.1.tlog
c:\documents and settings\john\moje dokumenty\visual studio 2010\Projects\p021-instrumentation-server\p021-instrumentation-server\Debug\mt.command.1.tlog
c:\documents and settings\john\moje dokumenty\visual studio 2010\Projects\p021-instrumentation-server\p021-instrumentation-server\Debug\mt.read.1.tlog
c:\documents and settings\john\moje dokumenty\visual studio 2010\Projects\p021-instrumentation-server\p021-instrumentation-server\Debug\mt.write.1.tlog
C:\DOCUMENTS AND SETTINGS\JOHN\MOJE DOKUMENTY\VISUAL STUDIO 2010\PROJECTS\P021-INSTRUMENTATION-SERVER\P021-INSTRUMENTATION-SERVER\DEBUG\P021-INSTRUMENTATION-SERVER.EXE.EMBED.MANIFEST
C:\DOCUMENTS AND SETTINGS\JOHN\MOJE DOKUMENTY\VISUAL STUDIO 2010\PROJECTS\P021-INSTRUMENTATION-SERVER\P021-INSTRUMENTATION-SERVER\DEBUG\P021-INSTRUMENTATION-SERVER.EXE.EMBED.MANIFEST.RES
C:\DOCUMENTS AND SETTINGS\JOHN\MOJE DOKUMENTY\VISUAL STUDIO 2010\PROJECTS\P021-INSTRUMENTATION-SERVER\P021-INSTRUMENTATION-SERVER\DEBUG\P021-INSTRUMENTATION-SERVER.EXE.INTERMEDIATE.MANIFEST
C:\DOCUMENTS AND SETTINGS\JOHN\MOJE DOKUMENTY\VISUAL STUDIO 2010\PROJECTS\P021-INSTRUMENTATION-SERVER\P021-INSTRUMENTATION-SERVER\DEBUG\P021-INSTRUMENTATION-SERVER.OBJ
c:\documents and settings\john\moje dokumenty\visual studio 2010\Projects\p021-instrumentation-server\p021-instrumentation-server\Debug\p021-instrumentation-server_manifest.rc
c:\documents and settings\john\moje dokumenty\visual studio 2010\Projects\p021-instrumentation-server\p021-instrumentation-server\Debug\rc.command.1.tlog
c:\documents and settings\john\moje dokumenty\visual studio 2010\Projects\p021-instrumentation-server\p021-instrumentation-server\Debug\rc.read.1.tlog
c:\documents and settings\john\moje dokumenty\visual studio 2010\Projects\p021-instrumentation-server\p021-instrumentation-server\Debug\rc.write.1.tlog
c:\documents and settings\john\moje dokumenty\visual studio 2010\Projects\p021-instrumentation-server\p021-instrumentation-server\Debug\vc100.idb
C:\DOCUMENTS AND SETTINGS\JOHN\MOJE DOKUMENTY\VISUAL STUDIO 2010\PROJECTS\P021-INSTRUMENTATION-SERVER\P021-INSTRUMENTATION-SERVER\DEBUG\VC100.PDB
