Build started 2013-07-19 16:10:38.
Project "C:\Documents and Settings\john\moje dokumenty\visual studio 2010\Projects\p021-instrumentation-server\p021-instrumentation-server\p021-instrumentation-server.vcxproj" on node 2 (build target(s)).
InitializeBuildStatus:
  Creating "Release\p021-instrumentation-server.unsuccessfulbuild" because "AlwaysCreate" was specified.
ClCompile:
  E:\Program Files\Microsoft Visual Studio 10.0\VC\bin\CL.exe /c /Zi /nologo /W3 /WX- /O2 /Oi /Oy- /GL /D WIN32 /D NDEBUG /D _CONSOLE /D _UNICODE /D UNICODE /Gm- /EHsc /MD /GS /Gy /fp:precise /Zc:wchar_t /Zc:forScope /Fo"Release\\" /Fd"Release\vc100.pdb" /Gd /TP /analyze- /errorReport:prompt "p021-instrumentation-server.cpp"
  p021-instrumentation-server.cpp
p021-instrumentation-server.cpp(163): warning C4101: 'written' : unreferenced local variable
p021-instrumentation-server.cpp(308): warning C4101: 'myObj' : unreferenced local variable
p021-instrumentation-server.cpp(310): warning C4101: 'any' : unreferenced local variable
p021-instrumentation-server.cpp(463): warning C4996: 'freopen': This function or variable may be unsafe. Consider using freopen_s instead. To disable deprecation, use _CRT_SECURE_NO_WARNINGS. See online help for details.
          E:\Program Files\Microsoft Visual Studio 10.0\VC\include\stdio.h(249) : see declaration of 'freopen'
p021-instrumentation-server.cpp(487): warning C4101: 'i' : unreferenced local variable
p021-instrumentation-server.cpp(492): warning C4101: 'pi' : unreferenced local variable
p021-instrumentation-server.cpp(484): warning C4101: 'cmdline' : unreferenced local variable
Link:
  E:\Program Files\Microsoft Visual Studio 10.0\VC\bin\link.exe /ERRORREPORT:PROMPT /OUT:"C:\Documents and Settings\john\moje dokumenty\visual studio 2010\Projects\p021-instrumentation-server\Release\p021-instrumentation-server.exe" /INCREMENTAL:NO /NOLOGO kernel32.lib user32.lib gdi32.lib winspool.lib comdlg32.lib advapi32.lib shell32.lib ole32.lib oleaut32.lib uuid.lib odbc32.lib odbccp32.lib /MANIFEST /ManifestFile:"Release\p021-instrumentation-server.exe.intermediate.manifest" /MANIFESTUAC:"level='asInvoker' uiAccess='false'" /DEBUG /PDB:"C:\Documents and Settings\john\moje dokumenty\visual studio 2010\Projects\p021-instrumentation-server\Release\p021-instrumentation-server.pdb" /SUBSYSTEM:CONSOLE /OPT:REF /OPT:ICF /LTCG /TLBID:1 /ENTRY:"start" /DYNAMICBASE /NXCOMPAT /IMPLIB:"C:\Documents and Settings\john\moje dokumenty\visual studio 2010\Projects\p021-instrumentation-server\Release\p021-instrumentation-server.lib" /MACHINE:X86 "Release\p021-instrumentation-server.obj"
  Generating code
  Finished generating code
  p021-instrumentation-server.vcxproj -> C:\Documents and Settings\john\moje dokumenty\visual studio 2010\Projects\p021-instrumentation-server\Release\p021-instrumentation-server.exe
Manifest:
  C:\Program Files\Microsoft SDKs\Windows\v7.0A\bin\mt.exe /nologo /verbose /outputresource:"C:\Documents and Settings\john\moje dokumenty\visual studio 2010\Projects\p021-instrumentation-server\Release\p021-instrumentation-server.exe;#1" /manifest "Release\p021-instrumentation-server.exe.intermediate.manifest"
FinalizeBuildStatus:
  Deleting file "Release\p021-instrumentation-server.unsuccessfulbuild".
  Touching "Release\p021-instrumentation-server.lastbuildstate".
Done Building Project "C:\Documents and Settings\john\moje dokumenty\visual studio 2010\Projects\p021-instrumentation-server\p021-instrumentation-server\p021-instrumentation-server.vcxproj" (build target(s)).

Build succeeded.

Time Elapsed 00:00:01.90
